# JRE version: Java(TM) SE Runtime Environment (8.0_271-b09) (build 1.8.0_271-b09)
# Java VM: Java HotSpot(TM) 64-Bit Server VM (25.271-b09 mixed mode windows-amd64 compressed oops)
Heap:
 PSYoungGen      total 412672K, used 54121K [0x00000000e0000000, 0x00000000fe080000, 0x0000000100000000)
  eden space 360960K, 1% used [0x00000000e0000000,0x00000000e05a7b00,0x00000000f6080000)
  from space 51712K, 93% used [0x00000000f6080000,0x00000000f8fb2978,0x00000000f9300000)
  to   space 52736K, 0% used [0x00000000f9300000,0x00000000f9300000,0x00000000fc680000)
 ParOldGen       total 340992K, used 103796K [0x00000000a0000000, 0x00000000b4d00000, 0x00000000e0000000)
  object space 340992K, 30% used [0x00000000a0000000,0x00000000a655d380,0x00000000b4d00000)
 Metaspace       used 93204K, capacity 97587K, committed 99712K, reserved 1134592K
  class space    used 12586K, capacity 13405K, committed 13952K, reserved 1048576K
GC Heap History (10 events):
Event: 11.447 GC heap after
Heap after GC invocations=16 (full 3):
 PSYoungGen      total 273408K, used 18735K [0x00000000e0000000, 0x00000000f5980000, 0x0000000100000000)
  eden space 243200K, 0% used [0x00000000e0000000,0x00000000e0000000,0x00000000eed80000)
  from space 30208K, 62% used [0x00000000eed80000,0x00000000effcbc40,0x00000000f0b00000)
  to   space 30720K, 0% used [0x00000000f3b80000,0x00000000f3b80000,0x00000000f5980000)
 ParOldGen       total 213504K, used 59563K [0x00000000a0000000, 0x00000000ad080000, 0x00000000e0000000)
  object space 213504K, 27% used [0x00000000a0000000,0x00000000a3a2ac68,0x00000000ad080000)
 Metaspace       used 79043K, capacity 82488K, committed 82560K, reserved 1120256K
  class space    used 10671K, capacity 11339K, committed 11392K, reserved 1048576K
}
Event: 15.633 GC heap before
{Heap before GC invocations=17 (full 3):
 PSYoungGen      total 273408K, used 261935K [0x00000000e0000000, 0x00000000f5980000, 0x0000000100000000)
  eden space 243200K, 100% used [0x00000000e0000000,0x00000000eed80000,0x00000000eed80000)
  from space 30208K, 62% used [0x00000000eed80000,0x00000000effcbc40,0x00000000f0b00000)
  to   space 30720K, 0% used [0x00000000f3b80000,0x00000000f3b80000,0x00000000f5980000)
 ParOldGen       total 213504K, used 59563K [0x00000000a0000000, 0x00000000ad080000, 0x00000000e0000000)
  object space 213504K, 27% used [0x00000000a0000000,0x00000000a3a2ac68,0x00000000ad080000)
 Metaspace       used 83169K, capacity 86806K, committed 86912K, reserved 1124352K
  class space    used 11166K, capacity 11844K, committed 11904K, reserved 1048576K
Event: 15.657 GC heap after
Heap after GC invocations=17 (full 3):
 PSYoungGen      total 315904K, used 24615K [0x00000000e0000000, 0x00000000f5800000, 0x0000000100000000)
  eden space 286720K, 0% used [0x00000000e0000000,0x00000000e0000000,0x00000000f1800000)
  from space 29184K, 84% used [0x00000000f3b80000,0x00000000f5389e78,0x00000000f5800000)
  to   space 32768K, 0% used [0x00000000f1800000,0x00000000f1800000,0x00000000f3800000)
 ParOldGen       total 213504K, used 59571K [0x00000000a0000000, 0x00000000ad080000, 0x00000000e0000000)
  object space 213504K, 27% used [0x00000000a0000000,0x00000000a3a2cc68,0x00000000ad080000)
 Metaspace       used 83169K, capacity 86806K, committed 86912K, reserved 1124352K
  class space    used 11166K, capacity 11844K, committed 11904K, reserved 1048576K
}
Event: 16.571 GC heap before
{Heap before GC invocations=18 (full 3):
 PSYoungGen      total 315904K, used 311335K [0x00000000e0000000, 0x00000000f5800000, 0x0000000100000000)
  eden space 286720K, 100% used [0x00000000e0000000,0x00000000f1800000,0x00000000f1800000)
  from space 29184K, 84% used [0x00000000f3b80000,0x00000000f5389e78,0x00000000f5800000)
  to   space 32768K, 0% used [0x00000000f1800000,0x00000000f1800000,0x00000000f3800000)
 ParOldGen       total 213504K, used 59571K [0x00000000a0000000, 0x00000000ad080000, 0x00000000e0000000)
  object space 213504K, 27% used [0x00000000a0000000,0x00000000a3a2cc68,0x00000000ad080000)
 Metaspace       used 91447K, capacity 96570K, committed 96768K, reserved 1132544K
  class space    used 12584K, capacity 13558K, committed 13568K, reserved 1048576K
Event: 16.626 GC heap after
Heap after GC invocations=18 (full 3):
 PSYoungGen      total 319488K, used 32762K [0x00000000e0000000, 0x00000000fc680000, 0x0000000100000000)
  eden space 286720K, 0% used [0x00000000e0000000,0x00000000e0000000,0x00000000f1800000)
  from space 32768K, 99% used [0x00000000f1800000,0x00000000f37fea88,0x00000000f3800000)
  to   space 52736K, 0% used [0x00000000f9300000,0x00000000f9300000,0x00000000fc680000)
 ParOldGen       total 213504K, used 101761K [0x00000000a0000000, 0x00000000ad080000, 0x00000000e0000000)
  object space 213504K, 47% used [0x00000000a0000000,0x00000000a6360530,0x00000000ad080000)
 Metaspace       used 91447K, capacity 96570K, committed 96768K, reserved 1132544K
  class space    used 12584K, capacity 13558K, committed 13568K, reserved 1048576K
}
Event: 16.885 GC heap before
{Heap before GC invocations=19 (full 3):
 PSYoungGen      total 319488K, used 115929K [0x00000000e0000000, 0x00000000fc680000, 0x0000000100000000)
  eden space 286720K, 29% used [0x00000000e0000000,0x00000000e5137c08,0x00000000f1800000)
  from space 32768K, 99% used [0x00000000f1800000,0x00000000f37fea88,0x00000000f3800000)
  to   space 52736K, 0% used [0x00000000f9300000,0x00000000f9300000,0x00000000fc680000)
 ParOldGen       total 213504K, used 101761K [0x00000000a0000000, 0x00000000ad080000, 0x00000000e0000000)
  object space 213504K, 47% used [0x00000000a0000000,0x00000000a6360530,0x00000000ad080000)
 Metaspace       used 92973K, capacity 98375K, committed 98560K, reserved 1134592K
  class space    used 12800K, capacity 13824K, committed 13824K, reserved 1048576K
Event: 16.921 GC heap after
Heap after GC invocations=19 (full 3):
 PSYoungGen      total 413696K, used 26316K [0x00000000e0000000, 0x00000000fe080000, 0x0000000100000000)
  eden space 360960K, 0% used [0x00000000e0000000,0x00000000e0000000,0x00000000f6080000)
  from space 52736K, 49% used [0x00000000f9300000,0x00000000facb3230,0x00000000fc680000)
  to   space 51712K, 0% used [0x00000000f6080000,0x00000000f6080000,0x00000000f9300000)
 ParOldGen       total 213504K, used 115336K [0x00000000a0000000, 0x00000000ad080000, 0x00000000e0000000)
  object space 213504K, 54% used [0x00000000a0000000,0x00000000a70a2370,0x00000000ad080000)
 Metaspace       used 92973K, capacity 98375K, committed 98560K, reserved 1134592K
  class space    used 12800K, capacity 13824K, committed 13824K, reserved 1048576K
}
Event: 16.921 GC heap before
{Heap before GC invocations=20 (full 4):
 PSYoungGen      total 413696K, used 26316K [0x00000000e0000000, 0x00000000fe080000, 0x0000000100000000)
  eden space 360960K, 0% used [0x00000000e0000000,0x00000000e0000000,0x00000000f6080000)
  from space 52736K, 49% used [0x00000000f9300000,0x00000000facb3230,0x00000000fc680000)
  to   space 51712K, 0% used [0x00000000f6080000,0x00000000f6080000,0x00000000f9300000)
 ParOldGen       total 213504K, used 115336K [0x00000000a0000000, 0x00000000ad080000, 0x00000000e0000000)
  object space 213504K, 54% used [0x00000000a0000000,0x00000000a70a2370,0x00000000ad080000)
 Metaspace       used 92973K, capacity 98375K, committed 98560K, reserved 1134592K
  class space    used 12800K, capacity 13824K, committed 13824K, reserved 1048576K
Event: 17.241 GC heap after
Heap after GC invocations=20 (full 4):
 PSYoungGen      total 413696K, used 0K [0x00000000e0000000, 0x00000000fe080000, 0x0000000100000000)
  eden space 360960K, 0% used [0x00000000e0000000,0x00000000e0000000,0x00000000f6080000)
  from space 52736K, 0% used [0x00000000f9300000,0x00000000f9300000,0x00000000fc680000)
  to   space 51712K, 0% used [0x00000000f6080000,0x00000000f6080000,0x00000000f9300000)
 ParOldGen       total 340992K, used 103796K [0x00000000a0000000, 0x00000000b4d00000, 0x00000000e0000000)
  object space 340992K, 30% used [0x00000000a0000000,0x00000000a655d380,0x00000000b4d00000)
 Metaspace       used 92143K, capacity 96279K, committed 98560K, reserved 1134592K
  class space    used 12504K, capacity 13318K, committed 13824K, reserved 1048576K
}
Event: 17.984 GC heap before
{Heap before GC invocations=21 (full 4):
 PSYoungGen      total 413696K, used 360960K [0x00000000e0000000, 0x00000000fe080000, 0x0000000100000000)
  eden space 360960K, 100% used [0x00000000e0000000,0x00000000f6080000,0x00000000f6080000)
  from space 52736K, 0% used [0x00000000f9300000,0x00000000f9300000,0x00000000fc680000)
  to   space 51712K, 0% used [0x00000000f6080000,0x00000000f6080000,0x00000000f9300000)
 ParOldGen       total 340992K, used 103796K [0x00000000a0000000, 0x00000000b4d00000, 0x00000000e0000000)
  object space 340992K, 30% used [0x00000000a0000000,0x00000000a655d380,0x00000000b4d00000)
 Metaspace       used 93198K, capacity 97587K, committed 99712K, reserved 1134592K
  class space    used 12586K, capacity 13405K, committed 13952K, reserved 1048576K

