# JRE version: Java(TM) SE Runtime Environment (8.0_271-b09) (build 1.8.0_271-b09)
# Java VM: Java HotSpot(TM) 64-Bit Server VM (25.271-b09 mixed mode windows-amd64 compressed oops)
Heap:
 PSYoungGen      total 468992K, used 136266K [0x00000000e0000000, 0x00000000ffe00000, 0x0000000100000000)
  eden space 416256K, 29% used [0x00000000e0000000,0x00000000e79aa930,0x00000000f9680000)
  from space 52736K, 22% used [0x00000000f9680000,0x00000000fa1e8020,0x00000000fca00000)
  to   space 50688K, 0% used [0x00000000fcc80000,0x00000000fcc80000,0x00000000ffe00000)
 ParOldGen       total 433152K, used 229174K [0x00000000a0000000, 0x00000000ba700000, 0x00000000e0000000)
  object space 433152K, 52% used [0x00000000a0000000,0x00000000adfcdba0,0x00000000ba700000)
 Metaspace       used 85973K, capacity 90326K, committed 92288K, reserved 1128448K
  class space    used 11843K, capacity 12688K, committed 13184K, reserved 1048576K
GC Heap History (10 events):
Event: 16.079 GC heap before
{Heap before GC invocations=33 (full 4):
 PSYoungGen      total 481792K, used 463400K [0x00000000e0000000, 0x00000000ffa80000, 0x0000000100000000)
  eden space 448000K, 100% used [0x00000000e0000000,0x00000000fb580000,0x00000000fb580000)
  from space 33792K, 45% used [0x00000000fd980000,0x00000000fe88a348,0x00000000ffa80000)
  to   space 35328K, 0% used [0x00000000fb580000,0x00000000fb580000,0x00000000fd800000)
 ParOldGen       total 433152K, used 179440K [0x00000000a0000000, 0x00000000ba700000, 0x00000000e0000000)
  object space 433152K, 41% used [0x00000000a0000000,0x00000000aaf3c260,0x00000000ba700000)
 Metaspace       used 85894K, capacity 90308K, committed 92288K, reserved 1128448K
  class space    used 11841K, capacity 12685K, committed 13184K, reserved 1048576K
Event: 16.112 GC heap after
Heap after GC invocations=33 (full 4):
 PSYoungGen      total 483328K, used 35327K [0x00000000e0000000, 0x0000000100000000, 0x0000000100000000)
  eden space 448000K, 0% used [0x00000000e0000000,0x00000000e0000000,0x00000000fb580000)
  from space 35328K, 99% used [0x00000000fb580000,0x00000000fd7fffd8,0x00000000fd800000)
  to   space 40960K, 0% used [0x00000000fd800000,0x00000000fd800000,0x0000000100000000)
 ParOldGen       total 433152K, used 187802K [0x00000000a0000000, 0x00000000ba700000, 0x00000000e0000000)
  object space 433152K, 43% used [0x00000000a0000000,0x00000000ab766900,0x00000000ba700000)
 Metaspace       used 85894K, capacity 90308K, committed 92288K, reserved 1128448K
  class space    used 11841K, capacity 12685K, committed 13184K, reserved 1048576K
}
Event: 16.610 GC heap before
{Heap before GC invocations=34 (full 4):
 PSYoungGen      total 483328K, used 483327K [0x00000000e0000000, 0x0000000100000000, 0x0000000100000000)
  eden space 448000K, 100% used [0x00000000e0000000,0x00000000fb580000,0x00000000fb580000)
  from space 35328K, 99% used [0x00000000fb580000,0x00000000fd7fffd8,0x00000000fd800000)
  to   space 40960K, 0% used [0x00000000fd800000,0x00000000fd800000,0x0000000100000000)
 ParOldGen       total 433152K, used 187802K [0x00000000a0000000, 0x00000000ba700000, 0x00000000e0000000)
  object space 433152K, 43% used [0x00000000a0000000,0x00000000ab766900,0x00000000ba700000)
 Metaspace       used 85944K, capacity 90312K, committed 92288K, reserved 1128448K
  class space    used 11841K, capacity 12685K, committed 13184K, reserved 1048576K
Event: 16.649 GC heap after
Heap after GC invocations=34 (full 4):
 PSYoungGen      total 455680K, used 40941K [0x00000000e0000000, 0x0000000100000000, 0x0000000100000000)
  eden space 414720K, 0% used [0x00000000e0000000,0x00000000e0000000,0x00000000f9500000)
  from space 40960K, 99% used [0x00000000fd800000,0x00000000ffffb7b8,0x0000000100000000)
  to   space 54784K, 0% used [0x00000000f9500000,0x00000000f9500000,0x00000000fca80000)
 ParOldGen       total 433152K, used 200610K [0x00000000a0000000, 0x00000000ba700000, 0x00000000e0000000)
  object space 433152K, 46% used [0x00000000a0000000,0x00000000ac3e8b68,0x00000000ba700000)
 Metaspace       used 85944K, capacity 90312K, committed 92288K, reserved 1128448K
  class space    used 11841K, capacity 12685K, committed 13184K, reserved 1048576K
}
Event: 17.094 GC heap before
{Heap before GC invocations=35 (full 4):
 PSYoungGen      total 455680K, used 455661K [0x00000000e0000000, 0x0000000100000000, 0x0000000100000000)
  eden space 414720K, 100% used [0x00000000e0000000,0x00000000f9500000,0x00000000f9500000)
  from space 40960K, 99% used [0x00000000fd800000,0x00000000ffffb7b8,0x0000000100000000)
  to   space 54784K, 0% used [0x00000000f9500000,0x00000000f9500000,0x00000000fca80000)
 ParOldGen       total 433152K, used 200610K [0x00000000a0000000, 0x00000000ba700000, 0x00000000e0000000)
  object space 433152K, 46% used [0x00000000a0000000,0x00000000ac3e8b68,0x00000000ba700000)
 Metaspace       used 85959K, capacity 90324K, committed 92288K, reserved 1128448K
  class space    used 11842K, capacity 12687K, committed 13184K, reserved 1048576K
Event: 17.109 GC heap after
Heap after GC invocations=35 (full 4):
 PSYoungGen      total 469504K, used 12068K [0x00000000e0000000, 0x0000000100000000, 0x0000000100000000)
  eden space 414720K, 0% used [0x00000000e0000000,0x00000000e0000000,0x00000000f9500000)
  from space 54784K, 22% used [0x00000000f9500000,0x00000000fa0c9158,0x00000000fca80000)
  to   space 53248K, 0% used [0x00000000fcc00000,0x00000000fcc00000,0x0000000100000000)
 ParOldGen       total 433152K, used 219674K [0x00000000a0000000, 0x00000000ba700000, 0x00000000e0000000)
  object space 433152K, 50% used [0x00000000a0000000,0x00000000ad686ae8,0x00000000ba700000)
 Metaspace       used 85959K, capacity 90324K, committed 92288K, reserved 1128448K
  class space    used 11842K, capacity 12687K, committed 13184K, reserved 1048576K
}
Event: 17.609 GC heap before
{Heap before GC invocations=36 (full 4):
 PSYoungGen      total 469504K, used 426788K [0x00000000e0000000, 0x0000000100000000, 0x0000000100000000)
  eden space 414720K, 100% used [0x00000000e0000000,0x00000000f9500000,0x00000000f9500000)
  from space 54784K, 22% used [0x00000000f9500000,0x00000000fa0c9158,0x00000000fca80000)
  to   space 53248K, 0% used [0x00000000fcc00000,0x00000000fcc00000,0x0000000100000000)
 ParOldGen       total 433152K, used 219674K [0x00000000a0000000, 0x00000000ba700000, 0x00000000e0000000)
  object space 433152K, 50% used [0x00000000a0000000,0x00000000ad686ae8,0x00000000ba700000)
 Metaspace       used 85965K, capacity 90326K, committed 92288K, reserved 1128448K
  class space    used 11843K, capacity 12688K, committed 13184K, reserved 1048576K
Event: 17.620 GC heap after
Heap after GC invocations=36 (full 4):
 PSYoungGen      total 466944K, used 4416K [0x00000000e0000000, 0x00000000ffd80000, 0x0000000100000000)
  eden space 416256K, 0% used [0x00000000e0000000,0x00000000e0000000,0x00000000f9680000)
  from space 50688K, 8% used [0x00000000fcc00000,0x00000000fd050020,0x00000000ffd80000)
  to   space 52736K, 0% used [0x00000000f9680000,0x00000000f9680000,0x00000000fca00000)
 ParOldGen       total 433152K, used 229174K [0x00000000a0000000, 0x00000000ba700000, 0x00000000e0000000)
  object space 433152K, 52% used [0x00000000a0000000,0x00000000adfcdba0,0x00000000ba700000)
 Metaspace       used 85965K, capacity 90326K, committed 92288K, reserved 1128448K
  class space    used 11843K, capacity 12688K, committed 13184K, reserved 1048576K
}
Event: 18.494 GC heap before
{Heap before GC invocations=37 (full 4):
 PSYoungGen      total 466944K, used 420672K [0x00000000e0000000, 0x00000000ffd80000, 0x0000000100000000)
  eden space 416256K, 100% used [0x00000000e0000000,0x00000000f9680000,0x00000000f9680000)
  from space 50688K, 8% used [0x00000000fcc00000,0x00000000fd050020,0x00000000ffd80000)
  to   space 52736K, 0% used [0x00000000f9680000,0x00000000f9680000,0x00000000fca00000)
 ParOldGen       total 433152K, used 229174K [0x00000000a0000000, 0x00000000ba700000, 0x00000000e0000000)
  object space 433152K, 52% used [0x00000000a0000000,0x00000000adfcdba0,0x00000000ba700000)
 Metaspace       used 85972K, capacity 90326K, committed 92288K, reserved 1128448K
  class space    used 11843K, capacity 12688K, committed 13184K, reserved 1048576K
Event: 18.504 GC heap after
Heap after GC invocations=37 (full 4):
 PSYoungGen      total 468992K, used 11680K [0x00000000e0000000, 0x00000000ffe00000, 0x0000000100000000)
  eden space 416256K, 0% used [0x00000000e0000000,0x00000000e0000000,0x00000000f9680000)
  from space 52736K, 22% used [0x00000000f9680000,0x00000000fa1e8020,0x00000000fca00000)
  to   space 50688K, 0% used [0x00000000fcc80000,0x00000000fcc80000,0x00000000ffe00000)
 ParOldGen       total 433152K, used 229174K [0x00000000a0000000, 0x00000000ba700000, 0x00000000e0000000)
  object space 433152K, 52% used [0x00000000a0000000,0x00000000adfcdba0,0x00000000ba700000)
 Metaspace       used 85972K, capacity 90326K, committed 92288K, reserved 1128448K
  class space    used 11843K, capacity 12688K, committed 13184K, reserved 1048576K
}

